Pig Stack Trace
---------------
ERROR 1115: org.apache.hive.hcatalog.common.HCatException : 2001 : Error setting output information. Cause : NoSuchObjectException(message:/user/abc.csv table not found)

org.apache.pig.impl.logicalLayer.FrontendException: ERROR 1002: Unable to store alias pub_grp
	at org.apache.pig.PigServer$Graph.registerQuery(PigServer.java:1647)
	at org.apache.pig.PigServer.registerQuery(PigServer.java:587)
	at org.apache.pig.tools.grunt.GruntParser.processPig(GruntParser.java:1093)
	at org.apache.pig.tools.pigscript.parser.PigScriptParser.parse(PigScriptParser.java:501)
	at org.apache.pig.tools.grunt.GruntParser.parseStopOnError(GruntParser.java:198)
	at org.apache.pig.tools.grunt.GruntParser.parseStopOnError(GruntParser.java:173)
	at org.apache.pig.tools.grunt.Grunt.run(Grunt.java:69)
	at org.apache.pig.Main.run(Main.java:541)
	at org.apache.pig.Main.main(Main.java:156)
	at sun.reflect.NativeMethodAccessorImpl.invoke0(Native Method)
	at sun.reflect.NativeMethodAccessorImpl.invoke(NativeMethodAccessorImpl.java:57)
	at sun.reflect.DelegatingMethodAccessorImpl.invoke(DelegatingMethodAccessorImpl.java:43)
	at java.lang.reflect.Method.invoke(Method.java:606)
	at org.apache.hadoop.util.RunJar.run(RunJar.java:221)
	at org.apache.hadoop.util.RunJar.main(RunJar.java:136)
Caused by: org.apache.pig.impl.plan.VisitorException: ERROR 1115: 
<line 7, column 0> Output Location Validation Failed for: '/user/abc.csv More info to follow:
org.apache.hive.hcatalog.common.HCatException : 2001 : Error setting output information. Cause : NoSuchObjectException(message:/user/abc.csv table not found)
	at org.apache.pig.newplan.logical.rules.InputOutputFileValidator$InputOutputFileVisitor.visit(InputOutputFileValidator.java:75)
	at org.apache.pig.newplan.logical.relational.LOStore.accept(LOStore.java:66)
	at org.apache.pig.newplan.DepthFirstWalker.depthFirst(DepthFirstWalker.java:64)
	at org.apache.pig.newplan.DepthFirstWalker.depthFirst(DepthFirstWalker.java:66)
	at org.apache.pig.newplan.DepthFirstWalker.depthFirst(DepthFirstWalker.java:66)
	at org.apache.pig.newplan.DepthFirstWalker.depthFirst(DepthFirstWalker.java:66)
	at org.apache.pig.newplan.DepthFirstWalker.walk(DepthFirstWalker.java:53)
	at org.apache.pig.newplan.PlanVisitor.visit(PlanVisitor.java:52)
	at org.apache.pig.newplan.logical.rules.InputOutputFileValidator.validate(InputOutputFileValidator.java:45)
	at org.apache.pig.backend.hadoop.executionengine.HExecutionEngine.compile(HExecutionEngine.java:311)
	at org.apache.pig.PigServer.compilePp(PigServer.java:1392)
	at org.apache.pig.PigServer.executeCompiledLogicalPlan(PigServer.java:1317)
	at org.apache.pig.PigServer.execute(PigServer.java:1309)
	at org.apache.pig.PigServer.access$400(PigServer.java:122)
	at org.apache.pig.PigServer$Graph.registerQuery(PigServer.java:1642)
	... 14 more
Caused by: org.apache.pig.PigException: ERROR 1115: org.apache.hive.hcatalog.common.HCatException : 2001 : Error setting output information. Cause : NoSuchObjectException(message:/user/abc.csv table not found)
	at org.apache.hive.hcatalog.pig.HCatStorer.setStoreLocation(HCatStorer.java:196)
	at org.apache.pig.newplan.logical.rules.InputOutputFileValidator$InputOutputFileVisitor.visit(InputOutputFileValidator.java:68)
	... 28 more
Caused by: org.apache.hive.hcatalog.common.HCatException : 2001 : Error setting output information. Cause : NoSuchObjectException(message:/user/abc.csv table not found)
	at org.apache.hive.hcatalog.mapreduce.HCatOutputFormat.setOutput(HCatOutputFormat.java:220)
	at org.apache.hive.hcatalog.mapreduce.HCatOutputFormat.setOutput(HCatOutputFormat.java:70)
	at org.apache.hive.hcatalog.pig.HCatStorer.setStoreLocation(HCatStorer.java:191)
	... 29 more
Caused by: NoSuchObjectException(message:/user/abc.csv table not found)
	at org.apache.hadoop.hive.metastore.api.ThriftHiveMetastore$get_table_result$get_table_resultStandardScheme.read(ThriftHiveMetastore.java:32085)
	at org.apache.hadoop.hive.metastore.api.ThriftHiveMetastore$get_table_result$get_table_resultStandardScheme.read(ThriftHiveMetastore.java:32053)
	at org.apache.hadoop.hive.metastore.api.ThriftHiveMetastore$get_table_result.read(ThriftHiveMetastore.java:31984)
	at org.apache.thrift.TServiceClient.receiveBase(TServiceClient.java:78)
	at org.apache.hadoop.hive.metastore.api.ThriftHiveMetastore$Client.recv_get_table(ThriftHiveMetastore.java:1134)
	at org.apache.hadoop.hive.metastore.api.ThriftHiveMetastore$Client.get_table(ThriftHiveMetastore.java:1120)
	at org.apache.hadoop.hive.metastore.HiveMetaStoreClient.getTable(HiveMetaStoreClient.java:1146)
	at org.apache.hive.hcatalog.common.HCatUtil.getTable(HCatUtil.java:180)
	at org.apache.hive.hcatalog.mapreduce.HCatOutputFormat.setOutput(HCatOutputFormat.java:91)
	... 31 more
================================================================================
Pig Stack Trace
---------------
ERROR 1200: <line 8, column 35>  mismatched input 'pig_storasge' expecting SEMI_COLON

Failed to parse: <line 8, column 35>  mismatched input 'pig_storasge' expecting SEMI_COLON
	at org.apache.pig.parser.QueryParserDriver.parse(QueryParserDriver.java:241)
	at org.apache.pig.parser.QueryParserDriver.parse(QueryParserDriver.java:179)
	at org.apache.pig.PigServer$Graph.validateQuery(PigServer.java:1660)
	at org.apache.pig.PigServer$Graph.registerQuery(PigServer.java:1633)
	at org.apache.pig.PigServer.registerQuery(PigServer.java:587)
	at org.apache.pig.tools.grunt.GruntParser.processPig(GruntParser.java:1093)
	at org.apache.pig.tools.pigscript.parser.PigScriptParser.parse(PigScriptParser.java:501)
	at org.apache.pig.tools.grunt.GruntParser.parseStopOnError(GruntParser.java:198)
	at org.apache.pig.tools.grunt.GruntParser.parseStopOnError(GruntParser.java:173)
	at org.apache.pig.tools.grunt.Grunt.run(Grunt.java:69)
	at org.apache.pig.Main.run(Main.java:541)
	at org.apache.pig.Main.main(Main.java:156)
	at sun.reflect.NativeMethodAccessorImpl.invoke0(Native Method)
	at sun.reflect.NativeMethodAccessorImpl.invoke(NativeMethodAccessorImpl.java:57)
	at sun.reflect.DelegatingMethodAccessorImpl.invoke(DelegatingMethodAccessorImpl.java:43)
	at java.lang.reflect.Method.invoke(Method.java:606)
	at org.apache.hadoop.util.RunJar.run(RunJar.java:221)
	at org.apache.hadoop.util.RunJar.main(RunJar.java:136)
================================================================================
Pig Stack Trace
---------------
ERROR 1200: <line 8, column 35>  mismatched input 'pig_storage' expecting SEMI_COLON

Failed to parse: <line 8, column 35>  mismatched input 'pig_storage' expecting SEMI_COLON
	at org.apache.pig.parser.QueryParserDriver.parse(QueryParserDriver.java:241)
	at org.apache.pig.parser.QueryParserDriver.parse(QueryParserDriver.java:179)
	at org.apache.pig.PigServer$Graph.validateQuery(PigServer.java:1660)
	at org.apache.pig.PigServer$Graph.registerQuery(PigServer.java:1633)
	at org.apache.pig.PigServer.registerQuery(PigServer.java:587)
	at org.apache.pig.tools.grunt.GruntParser.processPig(GruntParser.java:1093)
	at org.apache.pig.tools.pigscript.parser.PigScriptParser.parse(PigScriptParser.java:501)
	at org.apache.pig.tools.grunt.GruntParser.parseStopOnError(GruntParser.java:198)
	at org.apache.pig.tools.grunt.GruntParser.parseStopOnError(GruntParser.java:173)
	at org.apache.pig.tools.grunt.Grunt.run(Grunt.java:69)
	at org.apache.pig.Main.run(Main.java:541)
	at org.apache.pig.Main.main(Main.java:156)
	at sun.reflect.NativeMethodAccessorImpl.invoke0(Native Method)
	at sun.reflect.NativeMethodAccessorImpl.invoke(NativeMethodAccessorImpl.java:57)
	at sun.reflect.DelegatingMethodAccessorImpl.invoke(DelegatingMethodAccessorImpl.java:43)
	at java.lang.reflect.Method.invoke(Method.java:606)
	at org.apache.hadoop.util.RunJar.run(RunJar.java:221)
	at org.apache.hadoop.util.RunJar.main(RunJar.java:136)
================================================================================
Pig Stack Trace
---------------
ERROR 1200: <line 9, column 33>  mismatched input 'int' expecting RIGHT_PAREN

Failed to parse: <line 9, column 33>  mismatched input 'int' expecting RIGHT_PAREN
	at org.apache.pig.parser.QueryParserDriver.parse(QueryParserDriver.java:241)
	at org.apache.pig.parser.QueryParserDriver.parse(QueryParserDriver.java:179)
	at org.apache.pig.PigServer$Graph.validateQuery(PigServer.java:1660)
	at org.apache.pig.PigServer$Graph.registerQuery(PigServer.java:1633)
	at org.apache.pig.PigServer.registerQuery(PigServer.java:587)
	at org.apache.pig.tools.grunt.GruntParser.processPig(GruntParser.java:1093)
	at org.apache.pig.tools.pigscript.parser.PigScriptParser.parse(PigScriptParser.java:501)
	at org.apache.pig.tools.grunt.GruntParser.parseStopOnError(GruntParser.java:198)
	at org.apache.pig.tools.grunt.GruntParser.parseStopOnError(GruntParser.java:173)
	at org.apache.pig.tools.grunt.Grunt.run(Grunt.java:69)
	at org.apache.pig.Main.run(Main.java:541)
	at org.apache.pig.Main.main(Main.java:156)
	at sun.reflect.NativeMethodAccessorImpl.invoke0(Native Method)
	at sun.reflect.NativeMethodAccessorImpl.invoke(NativeMethodAccessorImpl.java:57)
	at sun.reflect.DelegatingMethodAccessorImpl.invoke(DelegatingMethodAccessorImpl.java:43)
	at java.lang.reflect.Method.invoke(Method.java:606)
	at org.apache.hadoop.util.RunJar.run(RunJar.java:221)
	at org.apache.hadoop.util.RunJar.main(RunJar.java:136)
================================================================================
Pig Stack Trace
---------------
ERROR 1200: <line 9, column 39>  mismatched input 'int' expecting RIGHT_PAREN

Failed to parse: <line 9, column 39>  mismatched input 'int' expecting RIGHT_PAREN
	at org.apache.pig.parser.QueryParserDriver.parse(QueryParserDriver.java:241)
	at org.apache.pig.parser.QueryParserDriver.parse(QueryParserDriver.java:179)
	at org.apache.pig.PigServer$Graph.validateQuery(PigServer.java:1660)
	at org.apache.pig.PigServer$Graph.registerQuery(PigServer.java:1633)
	at org.apache.pig.PigServer.registerQuery(PigServer.java:587)
	at org.apache.pig.tools.grunt.GruntParser.processPig(GruntParser.java:1093)
	at org.apache.pig.tools.pigscript.parser.PigScriptParser.parse(PigScriptParser.java:501)
	at org.apache.pig.tools.grunt.GruntParser.parseStopOnError(GruntParser.java:198)
	at org.apache.pig.tools.grunt.GruntParser.parseStopOnError(GruntParser.java:173)
	at org.apache.pig.tools.grunt.Grunt.run(Grunt.java:69)
	at org.apache.pig.Main.run(Main.java:541)
	at org.apache.pig.Main.main(Main.java:156)
	at sun.reflect.NativeMethodAccessorImpl.invoke0(Native Method)
	at sun.reflect.NativeMethodAccessorImpl.invoke(NativeMethodAccessorImpl.java:57)
	at sun.reflect.DelegatingMethodAccessorImpl.invoke(DelegatingMethodAccessorImpl.java:43)
	at java.lang.reflect.Method.invoke(Method.java:606)
	at org.apache.hadoop.util.RunJar.run(RunJar.java:221)
	at org.apache.hadoop.util.RunJar.main(RunJar.java:136)
================================================================================
Pig Stack Trace
---------------
ERROR 1200: <line 9, column 39>  mismatched input 'number' expecting RIGHT_PAREN

Failed to parse: <line 9, column 39>  mismatched input 'number' expecting RIGHT_PAREN
	at org.apache.pig.parser.QueryParserDriver.parse(QueryParserDriver.java:241)
	at org.apache.pig.parser.QueryParserDriver.parse(QueryParserDriver.java:179)
	at org.apache.pig.PigServer$Graph.validateQuery(PigServer.java:1660)
	at org.apache.pig.PigServer$Graph.registerQuery(PigServer.java:1633)
	at org.apache.pig.PigServer.registerQuery(PigServer.java:587)
	at org.apache.pig.tools.grunt.GruntParser.processPig(GruntParser.java:1093)
	at org.apache.pig.tools.pigscript.parser.PigScriptParser.parse(PigScriptParser.java:501)
	at org.apache.pig.tools.grunt.GruntParser.parseStopOnError(GruntParser.java:198)
	at org.apache.pig.tools.grunt.GruntParser.parseStopOnError(GruntParser.java:173)
	at org.apache.pig.tools.grunt.Grunt.run(Grunt.java:69)
	at org.apache.pig.Main.run(Main.java:541)
	at org.apache.pig.Main.main(Main.java:156)
	at sun.reflect.NativeMethodAccessorImpl.invoke0(Native Method)
	at sun.reflect.NativeMethodAccessorImpl.invoke(NativeMethodAccessorImpl.java:57)
	at sun.reflect.DelegatingMethodAccessorImpl.invoke(DelegatingMethodAccessorImpl.java:43)
	at java.lang.reflect.Method.invoke(Method.java:606)
	at org.apache.hadoop.util.RunJar.run(RunJar.java:221)
	at org.apache.hadoop.util.RunJar.main(RunJar.java:136)
================================================================================
Pig Stack Trace
---------------
ERROR 1200: <line 9, column 52>  mismatched input 'int' expecting RIGHT_PAREN

Failed to parse: <line 9, column 52>  mismatched input 'int' expecting RIGHT_PAREN
	at org.apache.pig.parser.QueryParserDriver.parse(QueryParserDriver.java:241)
	at org.apache.pig.parser.QueryParserDriver.parse(QueryParserDriver.java:179)
	at org.apache.pig.PigServer$Graph.validateQuery(PigServer.java:1660)
	at org.apache.pig.PigServer$Graph.registerQuery(PigServer.java:1633)
	at org.apache.pig.PigServer.registerQuery(PigServer.java:587)
	at org.apache.pig.tools.grunt.GruntParser.processPig(GruntParser.java:1093)
	at org.apache.pig.tools.pigscript.parser.PigScriptParser.parse(PigScriptParser.java:501)
	at org.apache.pig.tools.grunt.GruntParser.parseStopOnError(GruntParser.java:198)
	at org.apache.pig.tools.grunt.GruntParser.parseStopOnError(GruntParser.java:173)
	at org.apache.pig.tools.grunt.Grunt.run(Grunt.java:69)
	at org.apache.pig.Main.run(Main.java:541)
	at org.apache.pig.Main.main(Main.java:156)
	at sun.reflect.NativeMethodAccessorImpl.invoke0(Native Method)
	at sun.reflect.NativeMethodAccessorImpl.invoke(NativeMethodAccessorImpl.java:57)
	at sun.reflect.DelegatingMethodAccessorImpl.invoke(DelegatingMethodAccessorImpl.java:43)
	at java.lang.reflect.Method.invoke(Method.java:606)
	at org.apache.hadoop.util.RunJar.run(RunJar.java:221)
	at org.apache.hadoop.util.RunJar.main(RunJar.java:136)
================================================================================
Pig Stack Trace
---------------
ERROR 1200: <line 9, column 52>  mismatched input 'int' expecting RIGHT_PAREN

Failed to parse: <line 9, column 52>  mismatched input 'int' expecting RIGHT_PAREN
	at org.apache.pig.parser.QueryParserDriver.parse(QueryParserDriver.java:241)
	at org.apache.pig.parser.QueryParserDriver.parse(QueryParserDriver.java:179)
	at org.apache.pig.PigServer$Graph.validateQuery(PigServer.java:1660)
	at org.apache.pig.PigServer$Graph.registerQuery(PigServer.java:1633)
	at org.apache.pig.PigServer.registerQuery(PigServer.java:587)
	at org.apache.pig.tools.grunt.GruntParser.processPig(GruntParser.java:1093)
	at org.apache.pig.tools.pigscript.parser.PigScriptParser.parse(PigScriptParser.java:501)
	at org.apache.pig.tools.grunt.GruntParser.parseStopOnError(GruntParser.java:198)
	at org.apache.pig.tools.grunt.GruntParser.parseStopOnError(GruntParser.java:173)
	at org.apache.pig.tools.grunt.Grunt.run(Grunt.java:69)
	at org.apache.pig.Main.run(Main.java:541)
	at org.apache.pig.Main.main(Main.java:156)
	at sun.reflect.NativeMethodAccessorImpl.invoke0(Native Method)
	at sun.reflect.NativeMethodAccessorImpl.invoke(NativeMethodAccessorImpl.java:57)
	at sun.reflect.DelegatingMethodAccessorImpl.invoke(DelegatingMethodAccessorImpl.java:43)
	at java.lang.reflect.Method.invoke(Method.java:606)
	at org.apache.hadoop.util.RunJar.run(RunJar.java:221)
	at org.apache.hadoop.util.RunJar.main(RunJar.java:136)
================================================================================
Pig Stack Trace
---------------
ERROR 1066: Unable to open iterator for alias POLI

org.apache.pig.impl.logicalLayer.FrontendException: ERROR 1066: Unable to open iterator for alias POLI
	at org.apache.pig.PigServer.openIterator(PigServer.java:892)
	at org.apache.pig.tools.grunt.GruntParser.processDump(GruntParser.java:774)
	at org.apache.pig.tools.pigscript.parser.PigScriptParser.parse(PigScriptParser.java:372)
	at org.apache.pig.tools.grunt.GruntParser.parseStopOnError(GruntParser.java:198)
	at org.apache.pig.tools.grunt.GruntParser.parseStopOnError(GruntParser.java:173)
	at org.apache.pig.tools.grunt.Grunt.run(Grunt.java:69)
	at org.apache.pig.Main.run(Main.java:541)
	at org.apache.pig.Main.main(Main.java:156)
	at sun.reflect.NativeMethodAccessorImpl.invoke0(Native Method)
	at sun.reflect.NativeMethodAccessorImpl.invoke(NativeMethodAccessorImpl.java:57)
	at sun.reflect.DelegatingMethodAccessorImpl.invoke(DelegatingMethodAccessorImpl.java:43)
	at java.lang.reflect.Method.invoke(Method.java:606)
	at org.apache.hadoop.util.RunJar.run(RunJar.java:221)
	at org.apache.hadoop.util.RunJar.main(RunJar.java:136)
Caused by: java.io.IOException: Job terminated with anomalous status FAILED
	at org.apache.pig.PigServer.openIterator(PigServer.java:884)
	... 13 more
================================================================================
Pig Stack Trace
---------------
ERROR 1200: <line 10, column 12>  Syntax error, unexpected symbol at or near '-'

Failed to parse: <line 10, column 12>  Syntax error, unexpected symbol at or near '-'
	at org.apache.pig.parser.QueryParserDriver.parse(QueryParserDriver.java:241)
	at org.apache.pig.parser.QueryParserDriver.parse(QueryParserDriver.java:179)
	at org.apache.pig.PigServer$Graph.validateQuery(PigServer.java:1660)
	at org.apache.pig.PigServer$Graph.registerQuery(PigServer.java:1633)
	at org.apache.pig.PigServer.registerQuery(PigServer.java:587)
	at org.apache.pig.tools.grunt.GruntParser.processPig(GruntParser.java:1093)
	at org.apache.pig.tools.pigscript.parser.PigScriptParser.parse(PigScriptParser.java:501)
	at org.apache.pig.tools.grunt.GruntParser.parseStopOnError(GruntParser.java:198)
	at org.apache.pig.tools.grunt.GruntParser.parseStopOnError(GruntParser.java:173)
	at org.apache.pig.tools.grunt.Grunt.run(Grunt.java:69)
	at org.apache.pig.Main.run(Main.java:541)
	at org.apache.pig.Main.main(Main.java:156)
	at sun.reflect.NativeMethodAccessorImpl.invoke0(Native Method)
	at sun.reflect.NativeMethodAccessorImpl.invoke(NativeMethodAccessorImpl.java:57)
	at sun.reflect.DelegatingMethodAccessorImpl.invoke(DelegatingMethodAccessorImpl.java:43)
	at java.lang.reflect.Method.invoke(Method.java:606)
	at org.apache.hadoop.util.RunJar.run(RunJar.java:221)
	at org.apache.hadoop.util.RunJar.main(RunJar.java:136)
================================================================================
Pig Stack Trace
---------------
ERROR 1200: <line 16, column 37>  Syntax error, unexpected symbol at or near 'rating'

Failed to parse: <line 16, column 37>  Syntax error, unexpected symbol at or near 'rating'
	at org.apache.pig.parser.QueryParserDriver.parse(QueryParserDriver.java:241)
	at org.apache.pig.parser.QueryParserDriver.parse(QueryParserDriver.java:179)
	at org.apache.pig.PigServer$Graph.validateQuery(PigServer.java:1660)
	at org.apache.pig.PigServer$Graph.registerQuery(PigServer.java:1633)
	at org.apache.pig.PigServer.registerQuery(PigServer.java:587)
	at org.apache.pig.tools.grunt.GruntParser.processPig(GruntParser.java:1093)
	at org.apache.pig.tools.pigscript.parser.PigScriptParser.parse(PigScriptParser.java:501)
	at org.apache.pig.tools.grunt.GruntParser.parseStopOnError(GruntParser.java:198)
	at org.apache.pig.tools.grunt.GruntParser.parseStopOnError(GruntParser.java:173)
	at org.apache.pig.tools.grunt.Grunt.run(Grunt.java:69)
	at org.apache.pig.Main.run(Main.java:541)
	at org.apache.pig.Main.main(Main.java:156)
	at sun.reflect.NativeMethodAccessorImpl.invoke0(Native Method)
	at sun.reflect.NativeMethodAccessorImpl.invoke(NativeMethodAccessorImpl.java:57)
	at sun.reflect.DelegatingMethodAccessorImpl.invoke(DelegatingMethodAccessorImpl.java:43)
	at java.lang.reflect.Method.invoke(Method.java:606)
	at org.apache.hadoop.util.RunJar.run(RunJar.java:221)
	at org.apache.hadoop.util.RunJar.main(RunJar.java:136)
================================================================================
Pig Stack Trace
---------------
ERROR 1200: <line 16, column 37>  Syntax error, unexpected symbol at or near 'comments'

Failed to parse: <line 16, column 37>  Syntax error, unexpected symbol at or near 'comments'
	at org.apache.pig.parser.QueryParserDriver.parse(QueryParserDriver.java:241)
	at org.apache.pig.parser.QueryParserDriver.parse(QueryParserDriver.java:179)
	at org.apache.pig.PigServer$Graph.validateQuery(PigServer.java:1660)
	at org.apache.pig.PigServer$Graph.registerQuery(PigServer.java:1633)
	at org.apache.pig.PigServer.registerQuery(PigServer.java:587)
	at org.apache.pig.tools.grunt.GruntParser.processPig(GruntParser.java:1093)
	at org.apache.pig.tools.pigscript.parser.PigScriptParser.parse(PigScriptParser.java:501)
	at org.apache.pig.tools.grunt.GruntParser.parseStopOnError(GruntParser.java:198)
	at org.apache.pig.tools.grunt.GruntParser.parseStopOnError(GruntParser.java:173)
	at org.apache.pig.tools.grunt.Grunt.run(Grunt.java:69)
	at org.apache.pig.Main.run(Main.java:541)
	at org.apache.pig.Main.main(Main.java:156)
	at sun.reflect.NativeMethodAccessorImpl.invoke0(Native Method)
	at sun.reflect.NativeMethodAccessorImpl.invoke(NativeMethodAccessorImpl.java:57)
	at sun.reflect.DelegatingMethodAccessorImpl.invoke(DelegatingMethodAccessorImpl.java:43)
	at java.lang.reflect.Method.invoke(Method.java:606)
	at org.apache.hadoop.util.RunJar.run(RunJar.java:221)
	at org.apache.hadoop.util.RunJar.main(RunJar.java:136)
================================================================================
Pig Stack Trace
---------------
ERROR 1200: <line 16, column 37>  Syntax error, unexpected symbol at or near 'rating'

Failed to parse: <line 16, column 37>  Syntax error, unexpected symbol at or near 'rating'
	at org.apache.pig.parser.QueryParserDriver.parse(QueryParserDriver.java:241)
	at org.apache.pig.parser.QueryParserDriver.parse(QueryParserDriver.java:179)
	at org.apache.pig.PigServer$Graph.validateQuery(PigServer.java:1660)
	at org.apache.pig.PigServer$Graph.registerQuery(PigServer.java:1633)
	at org.apache.pig.PigServer.registerQuery(PigServer.java:587)
	at org.apache.pig.tools.grunt.GruntParser.processPig(GruntParser.java:1093)
	at org.apache.pig.tools.pigscript.parser.PigScriptParser.parse(PigScriptParser.java:501)
	at org.apache.pig.tools.grunt.GruntParser.parseStopOnError(GruntParser.java:198)
	at org.apache.pig.tools.grunt.GruntParser.parseStopOnError(GruntParser.java:173)
	at org.apache.pig.tools.grunt.Grunt.run(Grunt.java:69)
	at org.apache.pig.Main.run(Main.java:541)
	at org.apache.pig.Main.main(Main.java:156)
	at sun.reflect.NativeMethodAccessorImpl.invoke0(Native Method)
	at sun.reflect.NativeMethodAccessorImpl.invoke(NativeMethodAccessorImpl.java:57)
	at sun.reflect.DelegatingMethodAccessorImpl.invoke(DelegatingMethodAccessorImpl.java:43)
	at java.lang.reflect.Method.invoke(Method.java:606)
	at org.apache.hadoop.util.RunJar.run(RunJar.java:221)
	at org.apache.hadoop.util.RunJar.main(RunJar.java:136)
================================================================================
Pig Stack Trace
---------------
ERROR 1200: <line 20, column 37>  Syntax error, unexpected symbol at or near 'rating'

Failed to parse: <line 20, column 37>  Syntax error, unexpected symbol at or near 'rating'
	at org.apache.pig.parser.QueryParserDriver.parse(QueryParserDriver.java:241)
	at org.apache.pig.parser.QueryParserDriver.parse(QueryParserDriver.java:179)
	at org.apache.pig.PigServer$Graph.validateQuery(PigServer.java:1660)
	at org.apache.pig.PigServer$Graph.registerQuery(PigServer.java:1633)
	at org.apache.pig.PigServer.registerQuery(PigServer.java:587)
	at org.apache.pig.tools.grunt.GruntParser.processPig(GruntParser.java:1093)
	at org.apache.pig.tools.pigscript.parser.PigScriptParser.parse(PigScriptParser.java:501)
	at org.apache.pig.tools.grunt.GruntParser.parseStopOnError(GruntParser.java:198)
	at org.apache.pig.tools.grunt.GruntParser.parseStopOnError(GruntParser.java:173)
	at org.apache.pig.tools.grunt.Grunt.run(Grunt.java:69)
	at org.apache.pig.Main.run(Main.java:541)
	at org.apache.pig.Main.main(Main.java:156)
	at sun.reflect.NativeMethodAccessorImpl.invoke0(Native Method)
	at sun.reflect.NativeMethodAccessorImpl.invoke(NativeMethodAccessorImpl.java:57)
	at sun.reflect.DelegatingMethodAccessorImpl.invoke(DelegatingMethodAccessorImpl.java:43)
	at java.lang.reflect.Method.invoke(Method.java:606)
	at org.apache.hadoop.util.RunJar.run(RunJar.java:221)
	at org.apache.hadoop.util.RunJar.main(RunJar.java:136)
================================================================================
Pig Stack Trace
---------------
ERROR 1200: <line 21, column 36>  Syntax error, unexpected symbol at or near 'rating'

Failed to parse: <line 21, column 36>  Syntax error, unexpected symbol at or near 'rating'
	at org.apache.pig.parser.QueryParserDriver.parse(QueryParserDriver.java:241)
	at org.apache.pig.parser.QueryParserDriver.parse(QueryParserDriver.java:179)
	at org.apache.pig.PigServer$Graph.validateQuery(PigServer.java:1660)
	at org.apache.pig.PigServer$Graph.registerQuery(PigServer.java:1633)
	at org.apache.pig.PigServer.registerQuery(PigServer.java:587)
	at org.apache.pig.tools.grunt.GruntParser.processPig(GruntParser.java:1093)
	at org.apache.pig.tools.pigscript.parser.PigScriptParser.parse(PigScriptParser.java:501)
	at org.apache.pig.tools.grunt.GruntParser.parseStopOnError(GruntParser.java:198)
	at org.apache.pig.tools.grunt.GruntParser.parseStopOnError(GruntParser.java:173)
	at org.apache.pig.tools.grunt.Grunt.run(Grunt.java:69)
	at org.apache.pig.Main.run(Main.java:541)
	at org.apache.pig.Main.main(Main.java:156)
	at sun.reflect.NativeMethodAccessorImpl.invoke0(Native Method)
	at sun.reflect.NativeMethodAccessorImpl.invoke(NativeMethodAccessorImpl.java:57)
	at sun.reflect.DelegatingMethodAccessorImpl.invoke(DelegatingMethodAccessorImpl.java:43)
	at java.lang.reflect.Method.invoke(Method.java:606)
	at org.apache.hadoop.util.RunJar.run(RunJar.java:221)
	at org.apache.hadoop.util.RunJar.main(RunJar.java:136)
================================================================================
Pig Stack Trace
---------------
ERROR 1200: <line 25, column 36>  Syntax error, unexpected symbol at or near 'rating'

Failed to parse: <line 25, column 36>  Syntax error, unexpected symbol at or near 'rating'
	at org.apache.pig.parser.QueryParserDriver.parse(QueryParserDriver.java:241)
	at org.apache.pig.parser.QueryParserDriver.parse(QueryParserDriver.java:179)
	at org.apache.pig.PigServer$Graph.validateQuery(PigServer.java:1660)
	at org.apache.pig.PigServer$Graph.registerQuery(PigServer.java:1633)
	at org.apache.pig.PigServer.registerQuery(PigServer.java:587)
	at org.apache.pig.tools.grunt.GruntParser.processPig(GruntParser.java:1093)
	at org.apache.pig.tools.pigscript.parser.PigScriptParser.parse(PigScriptParser.java:501)
	at org.apache.pig.tools.grunt.GruntParser.parseStopOnError(GruntParser.java:198)
	at org.apache.pig.tools.grunt.GruntParser.parseStopOnError(GruntParser.java:173)
	at org.apache.pig.tools.grunt.Grunt.run(Grunt.java:69)
	at org.apache.pig.Main.run(Main.java:541)
	at org.apache.pig.Main.main(Main.java:156)
	at sun.reflect.NativeMethodAccessorImpl.invoke0(Native Method)
	at sun.reflect.NativeMethodAccessorImpl.invoke(NativeMethodAccessorImpl.java:57)
	at sun.reflect.DelegatingMethodAccessorImpl.invoke(DelegatingMethodAccessorImpl.java:43)
	at java.lang.reflect.Method.invoke(Method.java:606)
	at org.apache.hadoop.util.RunJar.run(RunJar.java:221)
	at org.apache.hadoop.util.RunJar.main(RunJar.java:136)
================================================================================
Pig Stack Trace
---------------
ERROR 1200: <line 25, column 36>  Syntax error, unexpected symbol at or near 'rating'

Failed to parse: <line 25, column 36>  Syntax error, unexpected symbol at or near 'rating'
	at org.apache.pig.parser.QueryParserDriver.parse(QueryParserDriver.java:241)
	at org.apache.pig.parser.QueryParserDriver.parse(QueryParserDriver.java:179)
	at org.apache.pig.PigServer$Graph.validateQuery(PigServer.java:1660)
	at org.apache.pig.PigServer$Graph.registerQuery(PigServer.java:1633)
	at org.apache.pig.PigServer.registerQuery(PigServer.java:587)
	at org.apache.pig.tools.grunt.GruntParser.processPig(GruntParser.java:1093)
	at org.apache.pig.tools.pigscript.parser.PigScriptParser.parse(PigScriptParser.java:501)
	at org.apache.pig.tools.grunt.GruntParser.parseStopOnError(GruntParser.java:198)
	at org.apache.pig.tools.grunt.GruntParser.parseStopOnError(GruntParser.java:173)
	at org.apache.pig.tools.grunt.Grunt.run(Grunt.java:69)
	at org.apache.pig.Main.run(Main.java:541)
	at org.apache.pig.Main.main(Main.java:156)
	at sun.reflect.NativeMethodAccessorImpl.invoke0(Native Method)
	at sun.reflect.NativeMethodAccessorImpl.invoke(NativeMethodAccessorImpl.java:57)
	at sun.reflect.DelegatingMethodAccessorImpl.invoke(DelegatingMethodAccessorImpl.java:43)
	at java.lang.reflect.Method.invoke(Method.java:606)
	at org.apache.hadoop.util.RunJar.run(RunJar.java:221)
	at org.apache.hadoop.util.RunJar.main(RunJar.java:136)
================================================================================
Pig Stack Trace
---------------
ERROR 1200: <line 25, column 72>  mismatched input 'comments' expecting RIGHT_PAREN

Failed to parse: <line 25, column 72>  mismatched input 'comments' expecting RIGHT_PAREN
	at org.apache.pig.parser.QueryParserDriver.parse(QueryParserDriver.java:241)
	at org.apache.pig.parser.QueryParserDriver.parse(QueryParserDriver.java:179)
	at org.apache.pig.PigServer$Graph.validateQuery(PigServer.java:1660)
	at org.apache.pig.PigServer$Graph.registerQuery(PigServer.java:1633)
	at org.apache.pig.PigServer.registerQuery(PigServer.java:587)
	at org.apache.pig.tools.grunt.GruntParser.processPig(GruntParser.java:1093)
	at org.apache.pig.tools.pigscript.parser.PigScriptParser.parse(PigScriptParser.java:501)
	at org.apache.pig.tools.grunt.GruntParser.parseStopOnError(GruntParser.java:198)
	at org.apache.pig.tools.grunt.GruntParser.parseStopOnError(GruntParser.java:173)
	at org.apache.pig.tools.grunt.Grunt.run(Grunt.java:69)
	at org.apache.pig.Main.run(Main.java:541)
	at org.apache.pig.Main.main(Main.java:156)
	at sun.reflect.NativeMethodAccessorImpl.invoke0(Native Method)
	at sun.reflect.NativeMethodAccessorImpl.invoke(NativeMethodAccessorImpl.java:57)
	at sun.reflect.DelegatingMethodAccessorImpl.invoke(DelegatingMethodAccessorImpl.java:43)
	at java.lang.reflect.Method.invoke(Method.java:606)
	at org.apache.hadoop.util.RunJar.run(RunJar.java:221)
	at org.apache.hadoop.util.RunJar.main(RunJar.java:136)
================================================================================
Pig Stack Trace
---------------
ERROR 1200: <line 26, column 36>  Syntax error, unexpected symbol at or near 'rating'

Failed to parse: <line 26, column 36>  Syntax error, unexpected symbol at or near 'rating'
	at org.apache.pig.parser.QueryParserDriver.parse(QueryParserDriver.java:241)
	at org.apache.pig.parser.QueryParserDriver.parse(QueryParserDriver.java:179)
	at org.apache.pig.PigServer$Graph.validateQuery(PigServer.java:1660)
	at org.apache.pig.PigServer$Graph.registerQuery(PigServer.java:1633)
	at org.apache.pig.PigServer.registerQuery(PigServer.java:587)
	at org.apache.pig.tools.grunt.GruntParser.processPig(GruntParser.java:1093)
	at org.apache.pig.tools.pigscript.parser.PigScriptParser.parse(PigScriptParser.java:501)
	at org.apache.pig.tools.grunt.GruntParser.parseStopOnError(GruntParser.java:198)
	at org.apache.pig.tools.grunt.GruntParser.parseStopOnError(GruntParser.java:173)
	at org.apache.pig.tools.grunt.Grunt.run(Grunt.java:69)
	at org.apache.pig.Main.run(Main.java:541)
	at org.apache.pig.Main.main(Main.java:156)
	at sun.reflect.NativeMethodAccessorImpl.invoke0(Native Method)
	at sun.reflect.NativeMethodAccessorImpl.invoke(NativeMethodAccessorImpl.java:57)
	at sun.reflect.DelegatingMethodAccessorImpl.invoke(DelegatingMethodAccessorImpl.java:43)
	at java.lang.reflect.Method.invoke(Method.java:606)
	at org.apache.hadoop.util.RunJar.run(RunJar.java:221)
	at org.apache.hadoop.util.RunJar.main(RunJar.java:136)
================================================================================
Pig Stack Trace
---------------
ERROR 1200: <line 27, column 38>  Syntax error, unexpected symbol at or near 'rating'

Failed to parse: <line 27, column 38>  Syntax error, unexpected symbol at or near 'rating'
	at org.apache.pig.parser.QueryParserDriver.parse(QueryParserDriver.java:241)
	at org.apache.pig.parser.QueryParserDriver.parse(QueryParserDriver.java:179)
	at org.apache.pig.PigServer$Graph.validateQuery(PigServer.java:1660)
	at org.apache.pig.PigServer$Graph.registerQuery(PigServer.java:1633)
	at org.apache.pig.PigServer.registerQuery(PigServer.java:587)
	at org.apache.pig.tools.grunt.GruntParser.processPig(GruntParser.java:1093)
	at org.apache.pig.tools.pigscript.parser.PigScriptParser.parse(PigScriptParser.java:501)
	at org.apache.pig.tools.grunt.GruntParser.parseStopOnError(GruntParser.java:198)
	at org.apache.pig.tools.grunt.GruntParser.parseStopOnError(GruntParser.java:173)
	at org.apache.pig.tools.grunt.Grunt.run(Grunt.java:69)
	at org.apache.pig.Main.run(Main.java:541)
	at org.apache.pig.Main.main(Main.java:156)
	at sun.reflect.NativeMethodAccessorImpl.invoke0(Native Method)
	at sun.reflect.NativeMethodAccessorImpl.invoke(NativeMethodAccessorImpl.java:57)
	at sun.reflect.DelegatingMethodAccessorImpl.invoke(DelegatingMethodAccessorImpl.java:43)
	at java.lang.reflect.Method.invoke(Method.java:606)
	at org.apache.hadoop.util.RunJar.run(RunJar.java:221)
	at org.apache.hadoop.util.RunJar.main(RunJar.java:136)
================================================================================
Pig Stack Trace
---------------
ERROR 1200: <line 27, column 37>  Syntax error, unexpected symbol at or near 'rating'

Failed to parse: <line 27, column 37>  Syntax error, unexpected symbol at or near 'rating'
	at org.apache.pig.parser.QueryParserDriver.parse(QueryParserDriver.java:241)
	at org.apache.pig.parser.QueryParserDriver.parse(QueryParserDriver.java:179)
	at org.apache.pig.PigServer$Graph.validateQuery(PigServer.java:1660)
	at org.apache.pig.PigServer$Graph.registerQuery(PigServer.java:1633)
	at org.apache.pig.PigServer.registerQuery(PigServer.java:587)
	at org.apache.pig.tools.grunt.GruntParser.processPig(GruntParser.java:1093)
	at org.apache.pig.tools.pigscript.parser.PigScriptParser.parse(PigScriptParser.java:501)
	at org.apache.pig.tools.grunt.GruntParser.parseStopOnError(GruntParser.java:198)
	at org.apache.pig.tools.grunt.GruntParser.parseStopOnError(GruntParser.java:173)
	at org.apache.pig.tools.grunt.Grunt.run(Grunt.java:69)
	at org.apache.pig.Main.run(Main.java:541)
	at org.apache.pig.Main.main(Main.java:156)
	at sun.reflect.NativeMethodAccessorImpl.invoke0(Native Method)
	at sun.reflect.NativeMethodAccessorImpl.invoke(NativeMethodAccessorImpl.java:57)
	at sun.reflect.DelegatingMethodAccessorImpl.invoke(DelegatingMethodAccessorImpl.java:43)
	at java.lang.reflect.Method.invoke(Method.java:606)
	at org.apache.hadoop.util.RunJar.run(RunJar.java:221)
	at org.apache.hadoop.util.RunJar.main(RunJar.java:136)
================================================================================
Pig Stack Trace
---------------
ERROR 1200: <line 27, column 35>  Syntax error, unexpected symbol at or near 'comments'

Failed to parse: <line 27, column 35>  Syntax error, unexpected symbol at or near 'comments'
	at org.apache.pig.parser.QueryParserDriver.parse(QueryParserDriver.java:241)
	at org.apache.pig.parser.QueryParserDriver.parse(QueryParserDriver.java:179)
	at org.apache.pig.PigServer$Graph.validateQuery(PigServer.java:1660)
	at org.apache.pig.PigServer$Graph.registerQuery(PigServer.java:1633)
	at org.apache.pig.PigServer.registerQuery(PigServer.java:587)
	at org.apache.pig.tools.grunt.GruntParser.processPig(GruntParser.java:1093)
	at org.apache.pig.tools.pigscript.parser.PigScriptParser.parse(PigScriptParser.java:501)
	at org.apache.pig.tools.grunt.GruntParser.parseStopOnError(GruntParser.java:198)
	at org.apache.pig.tools.grunt.GruntParser.parseStopOnError(GruntParser.java:173)
	at org.apache.pig.tools.grunt.Grunt.run(Grunt.java:69)
	at org.apache.pig.Main.run(Main.java:541)
	at org.apache.pig.Main.main(Main.java:156)
	at sun.reflect.NativeMethodAccessorImpl.invoke0(Native Method)
	at sun.reflect.NativeMethodAccessorImpl.invoke(NativeMethodAccessorImpl.java:57)
	at sun.reflect.DelegatingMethodAccessorImpl.invoke(DelegatingMethodAccessorImpl.java:43)
	at java.lang.reflect.Method.invoke(Method.java:606)
	at org.apache.hadoop.util.RunJar.run(RunJar.java:221)
	at org.apache.hadoop.util.RunJar.main(RunJar.java:136)
================================================================================
Pig Stack Trace
---------------
ERROR 1025: 
<line 28, column 28> Invalid field projection. Projected field [t] does not exist in schema: name:chararray,college_name:chararray,subject:chararray,rating:int,comments:chararray.

org.apache.pig.impl.plan.PlanValidationException: ERROR 1025: 
<line 28, column 28> Invalid field projection. Projected field [t] does not exist in schema: name:chararray,college_name:chararray,subject:chararray,rating:int,comments:chararray.
	at org.apache.pig.newplan.logical.expression.ProjectExpression.findColNum(ProjectExpression.java:191)
	at org.apache.pig.newplan.logical.expression.ProjectExpression.setColumnNumberFromAlias(ProjectExpression.java:174)
	at org.apache.pig.newplan.logical.visitor.ColumnAliasConversionVisitor$1.visit(ColumnAliasConversionVisitor.java:53)
	at org.apache.pig.newplan.logical.expression.ProjectExpression.accept(ProjectExpression.java:215)
	at org.apache.pig.newplan.DependencyOrderWalker.walk(DependencyOrderWalker.java:75)
	at org.apache.pig.newplan.PlanVisitor.visit(PlanVisitor.java:52)
	at org.apache.pig.newplan.logical.optimizer.AllExpressionVisitor.visit(AllExpressionVisitor.java:142)
	at org.apache.pig.newplan.logical.relational.LOInnerLoad.accept(LOInnerLoad.java:128)
	at org.apache.pig.newplan.DependencyOrderWalker.walk(DependencyOrderWalker.java:75)
	at org.apache.pig.newplan.logical.optimizer.AllExpressionVisitor.visit(AllExpressionVisitor.java:124)
	at org.apache.pig.newplan.logical.relational.LOForEach.accept(LOForEach.java:76)
	at org.apache.pig.newplan.DependencyOrderWalker.walk(DependencyOrderWalker.java:75)
	at org.apache.pig.newplan.PlanVisitor.visit(PlanVisitor.java:52)
	at org.apache.pig.PigServer$Graph.compile(PigServer.java:1728)
	at org.apache.pig.PigServer$Graph.validateQuery(PigServer.java:1661)
	at org.apache.pig.PigServer$Graph.registerQuery(PigServer.java:1633)
	at org.apache.pig.PigServer.registerQuery(PigServer.java:587)
	at org.apache.pig.tools.grunt.GruntParser.processPig(GruntParser.java:1093)
	at org.apache.pig.tools.pigscript.parser.PigScriptParser.parse(PigScriptParser.java:501)
	at org.apache.pig.tools.grunt.GruntParser.parseStopOnError(GruntParser.java:198)
	at org.apache.pig.tools.grunt.GruntParser.parseStopOnError(GruntParser.java:173)
	at org.apache.pig.tools.grunt.Grunt.run(Grunt.java:69)
	at org.apache.pig.Main.run(Main.java:541)
	at org.apache.pig.Main.main(Main.java:156)
	at sun.reflect.NativeMethodAccessorImpl.invoke0(Native Method)
	at sun.reflect.NativeMethodAccessorImpl.invoke(NativeMethodAccessorImpl.java:57)
	at sun.reflect.DelegatingMethodAccessorImpl.invoke(DelegatingMethodAccessorImpl.java:43)
	at java.lang.reflect.Method.invoke(Method.java:606)
	at org.apache.hadoop.util.RunJar.run(RunJar.java:221)
	at org.apache.hadoop.util.RunJar.main(RunJar.java:136)
================================================================================
Pig Stack Trace
---------------
ERROR 1003: Unable to find an operator for alias B

org.apache.pig.impl.logicalLayer.FrontendException: ERROR 1003: Unable to find an operator for alias B
	at org.apache.pig.PigServer$Graph.buildPlan(PigServer.java:1525)
	at org.apache.pig.PigServer.storeEx(PigServer.java:985)
	at org.apache.pig.PigServer.store(PigServer.java:954)
	at org.apache.pig.PigServer.openIterator(PigServer.java:867)
	at org.apache.pig.tools.grunt.GruntParser.processDump(GruntParser.java:774)
	at org.apache.pig.tools.pigscript.parser.PigScriptParser.parse(PigScriptParser.java:372)
	at org.apache.pig.tools.grunt.GruntParser.parseStopOnError(GruntParser.java:198)
	at org.apache.pig.tools.grunt.GruntParser.parseStopOnError(GruntParser.java:173)
	at org.apache.pig.tools.grunt.Grunt.run(Grunt.java:69)
	at org.apache.pig.Main.run(Main.java:541)
	at org.apache.pig.Main.main(Main.java:156)
	at sun.reflect.NativeMethodAccessorImpl.invoke0(Native Method)
	at sun.reflect.NativeMethodAccessorImpl.invoke(NativeMethodAccessorImpl.java:57)
	at sun.reflect.DelegatingMethodAccessorImpl.invoke(DelegatingMethodAccessorImpl.java:43)
	at java.lang.reflect.Method.invoke(Method.java:606)
	at org.apache.hadoop.util.RunJar.run(RunJar.java:221)
	at org.apache.hadoop.util.RunJar.main(RunJar.java:136)
================================================================================
Pig Stack Trace
---------------
ERROR 1025: 
<line 28, column 28> Invalid field projection. Projected field [t] does not exist in schema: name:chararray,college_name:chararray,subject:chararray,rating:int,comments:chararray.

org.apache.pig.impl.plan.PlanValidationException: ERROR 1025: 
<line 28, column 28> Invalid field projection. Projected field [t] does not exist in schema: name:chararray,college_name:chararray,subject:chararray,rating:int,comments:chararray.
	at org.apache.pig.newplan.logical.expression.ProjectExpression.findColNum(ProjectExpression.java:191)
	at org.apache.pig.newplan.logical.expression.ProjectExpression.setColumnNumberFromAlias(ProjectExpression.java:174)
	at org.apache.pig.newplan.logical.visitor.ColumnAliasConversionVisitor$1.visit(ColumnAliasConversionVisitor.java:53)
	at org.apache.pig.newplan.logical.expression.ProjectExpression.accept(ProjectExpression.java:215)
	at org.apache.pig.newplan.DependencyOrderWalker.walk(DependencyOrderWalker.java:75)
	at org.apache.pig.newplan.PlanVisitor.visit(PlanVisitor.java:52)
	at org.apache.pig.newplan.logical.optimizer.AllExpressionVisitor.visit(AllExpressionVisitor.java:142)
	at org.apache.pig.newplan.logical.relational.LOInnerLoad.accept(LOInnerLoad.java:128)
	at org.apache.pig.newplan.DependencyOrderWalker.walk(DependencyOrderWalker.java:75)
	at org.apache.pig.newplan.logical.optimizer.AllExpressionVisitor.visit(AllExpressionVisitor.java:124)
	at org.apache.pig.newplan.logical.relational.LOForEach.accept(LOForEach.java:76)
	at org.apache.pig.newplan.DependencyOrderWalker.walk(DependencyOrderWalker.java:75)
	at org.apache.pig.newplan.PlanVisitor.visit(PlanVisitor.java:52)
	at org.apache.pig.PigServer$Graph.compile(PigServer.java:1728)
	at org.apache.pig.PigServer$Graph.validateQuery(PigServer.java:1661)
	at org.apache.pig.PigServer$Graph.registerQuery(PigServer.java:1633)
	at org.apache.pig.PigServer.registerQuery(PigServer.java:587)
	at org.apache.pig.tools.grunt.GruntParser.processPig(GruntParser.java:1093)
	at org.apache.pig.tools.pigscript.parser.PigScriptParser.parse(PigScriptParser.java:501)
	at org.apache.pig.tools.grunt.GruntParser.parseStopOnError(GruntParser.java:198)
	at org.apache.pig.tools.grunt.GruntParser.parseStopOnError(GruntParser.java:173)
	at org.apache.pig.tools.grunt.Grunt.run(Grunt.java:69)
	at org.apache.pig.Main.run(Main.java:541)
	at org.apache.pig.Main.main(Main.java:156)
	at sun.reflect.NativeMethodAccessorImpl.invoke0(Native Method)
	at sun.reflect.NativeMethodAccessorImpl.invoke(NativeMethodAccessorImpl.java:57)
	at sun.reflect.DelegatingMethodAccessorImpl.invoke(DelegatingMethodAccessorImpl.java:43)
	at java.lang.reflect.Method.invoke(Method.java:606)
	at org.apache.hadoop.util.RunJar.run(RunJar.java:221)
	at org.apache.hadoop.util.RunJar.main(RunJar.java:136)
================================================================================
Pig Stack Trace
---------------
ERROR 1025: 
<line 28, column 28> Invalid field projection. Projected field [t] does not exist in schema: name:chararray,college_name:chararray,subject:chararray,rating:int,comments:chararray.

org.apache.pig.impl.plan.PlanValidationException: ERROR 1025: 
<line 28, column 28> Invalid field projection. Projected field [t] does not exist in schema: name:chararray,college_name:chararray,subject:chararray,rating:int,comments:chararray.
	at org.apache.pig.newplan.logical.expression.ProjectExpression.findColNum(ProjectExpression.java:191)
	at org.apache.pig.newplan.logical.expression.ProjectExpression.setColumnNumberFromAlias(ProjectExpression.java:174)
	at org.apache.pig.newplan.logical.visitor.ColumnAliasConversionVisitor$1.visit(ColumnAliasConversionVisitor.java:53)
	at org.apache.pig.newplan.logical.expression.ProjectExpression.accept(ProjectExpression.java:215)
	at org.apache.pig.newplan.DependencyOrderWalker.walk(DependencyOrderWalker.java:75)
	at org.apache.pig.newplan.PlanVisitor.visit(PlanVisitor.java:52)
	at org.apache.pig.newplan.logical.optimizer.AllExpressionVisitor.visit(AllExpressionVisitor.java:142)
	at org.apache.pig.newplan.logical.relational.LOInnerLoad.accept(LOInnerLoad.java:128)
	at org.apache.pig.newplan.DependencyOrderWalker.walk(DependencyOrderWalker.java:75)
	at org.apache.pig.newplan.logical.optimizer.AllExpressionVisitor.visit(AllExpressionVisitor.java:124)
	at org.apache.pig.newplan.logical.relational.LOForEach.accept(LOForEach.java:76)
	at org.apache.pig.newplan.DependencyOrderWalker.walk(DependencyOrderWalker.java:75)
	at org.apache.pig.newplan.PlanVisitor.visit(PlanVisitor.java:52)
	at org.apache.pig.PigServer$Graph.compile(PigServer.java:1728)
	at org.apache.pig.PigServer$Graph.validateQuery(PigServer.java:1661)
	at org.apache.pig.PigServer$Graph.registerQuery(PigServer.java:1633)
	at org.apache.pig.PigServer.registerQuery(PigServer.java:587)
	at org.apache.pig.tools.grunt.GruntParser.processPig(GruntParser.java:1093)
	at org.apache.pig.tools.pigscript.parser.PigScriptParser.parse(PigScriptParser.java:501)
	at org.apache.pig.tools.grunt.GruntParser.parseStopOnError(GruntParser.java:198)
	at org.apache.pig.tools.grunt.GruntParser.parseStopOnError(GruntParser.java:173)
	at org.apache.pig.tools.grunt.Grunt.run(Grunt.java:69)
	at org.apache.pig.Main.run(Main.java:541)
	at org.apache.pig.Main.main(Main.java:156)
	at sun.reflect.NativeMethodAccessorImpl.invoke0(Native Method)
	at sun.reflect.NativeMethodAccessorImpl.invoke(NativeMethodAccessorImpl.java:57)
	at sun.reflect.DelegatingMethodAccessorImpl.invoke(DelegatingMethodAccessorImpl.java:43)
	at java.lang.reflect.Method.invoke(Method.java:606)
	at org.apache.hadoop.util.RunJar.run(RunJar.java:221)
	at org.apache.hadoop.util.RunJar.main(RunJar.java:136)
================================================================================
Pig Stack Trace
---------------
ERROR 1000: Error during parsing. Encountered " <PATH> "//Sentimental "" at line 6, column 1.
Was expecting one of:
    <EOF> 
    "cat" ...
    "clear" ...
    "fs" ...
    "sh" ...
    "cd" ...
    "cp" ...
    "copyFromLocal" ...
    "copyToLocal" ...
    "dump" ...
    "\\d" ...
    "describe" ...
    "\\de" ...
    "aliases" ...
    "explain" ...
    "\\e" ...
    "help" ...
    "history" ...
    "kill" ...
    "ls" ...
    "mv" ...
    "mkdir" ...
    "pwd" ...
    "quit" ...
    "\\q" ...
    "register" ...
    "rm" ...
    "rmf" ...
    "set" ...
    "illustrate" ...
    "\\i" ...
    "run" ...
    "exec" ...
    "scriptDone" ...
    "" ...
    "" ...
    <EOL> ...
    ";" ...
    

org.apache.pig.tools.pigscript.parser.ParseException: Encountered " <PATH> "//Sentimental "" at line 6, column 1.
Was expecting one of:
    <EOF> 
    "cat" ...
    "clear" ...
    "fs" ...
    "sh" ...
    "cd" ...
    "cp" ...
    "copyFromLocal" ...
    "copyToLocal" ...
    "dump" ...
    "\\d" ...
    "describe" ...
    "\\de" ...
    "aliases" ...
    "explain" ...
    "\\e" ...
    "help" ...
    "history" ...
    "kill" ...
    "ls" ...
    "mv" ...
    "mkdir" ...
    "pwd" ...
    "quit" ...
    "\\q" ...
    "register" ...
    "rm" ...
    "rmf" ...
    "set" ...
    "illustrate" ...
    "\\i" ...
    "run" ...
    "exec" ...
    "scriptDone" ...
    "" ...
    "" ...
    <EOL> ...
    ";" ...
    
	at org.apache.pig.tools.pigscript.parser.PigScriptParser.generateParseException(PigScriptParser.java:1428)
	at org.apache.pig.tools.pigscript.parser.PigScriptParser.handle_invalid_command(PigScriptParser.java:1236)
	at org.apache.pig.tools.pigscript.parser.PigScriptParser.parse(PigScriptParser.java:710)
	at org.apache.pig.tools.grunt.GruntParser.parseStopOnError(GruntParser.java:198)
	at org.apache.pig.tools.grunt.GruntParser.parseStopOnError(GruntParser.java:173)
	at org.apache.pig.tools.grunt.Grunt.run(Grunt.java:69)
	at org.apache.pig.Main.run(Main.java:541)
	at org.apache.pig.Main.main(Main.java:156)
	at sun.reflect.NativeMethodAccessorImpl.invoke0(Native Method)
	at sun.reflect.NativeMethodAccessorImpl.invoke(NativeMethodAccessorImpl.java:57)
	at sun.reflect.DelegatingMethodAccessorImpl.invoke(DelegatingMethodAccessorImpl.java:43)
	at java.lang.reflect.Method.invoke(Method.java:606)
	at org.apache.hadoop.util.RunJar.run(RunJar.java:221)
	at org.apache.hadoop.util.RunJar.main(RunJar.java:136)
================================================================================
Pig Stack Trace
---------------
ERROR 1025: 
<line 32, column 28> Invalid field projection. Projected field [t] does not exist in schema: name:chararray,college_name:chararray,subject:chararray,rating:int,comments:chararray.

org.apache.pig.impl.plan.PlanValidationException: ERROR 1025: 
<line 32, column 28> Invalid field projection. Projected field [t] does not exist in schema: name:chararray,college_name:chararray,subject:chararray,rating:int,comments:chararray.
	at org.apache.pig.newplan.logical.expression.ProjectExpression.findColNum(ProjectExpression.java:191)
	at org.apache.pig.newplan.logical.expression.ProjectExpression.setColumnNumberFromAlias(ProjectExpression.java:174)
	at org.apache.pig.newplan.logical.visitor.ColumnAliasConversionVisitor$1.visit(ColumnAliasConversionVisitor.java:53)
	at org.apache.pig.newplan.logical.expression.ProjectExpression.accept(ProjectExpression.java:215)
	at org.apache.pig.newplan.DependencyOrderWalker.walk(DependencyOrderWalker.java:75)
	at org.apache.pig.newplan.PlanVisitor.visit(PlanVisitor.java:52)
	at org.apache.pig.newplan.logical.optimizer.AllExpressionVisitor.visit(AllExpressionVisitor.java:142)
	at org.apache.pig.newplan.logical.relational.LOInnerLoad.accept(LOInnerLoad.java:128)
	at org.apache.pig.newplan.DependencyOrderWalker.walk(DependencyOrderWalker.java:75)
	at org.apache.pig.newplan.logical.optimizer.AllExpressionVisitor.visit(AllExpressionVisitor.java:124)
	at org.apache.pig.newplan.logical.relational.LOForEach.accept(LOForEach.java:76)
	at org.apache.pig.newplan.DependencyOrderWalker.walk(DependencyOrderWalker.java:75)
	at org.apache.pig.newplan.PlanVisitor.visit(PlanVisitor.java:52)
	at org.apache.pig.PigServer$Graph.compile(PigServer.java:1728)
	at org.apache.pig.PigServer$Graph.validateQuery(PigServer.java:1661)
	at org.apache.pig.PigServer$Graph.registerQuery(PigServer.java:1633)
	at org.apache.pig.PigServer.registerQuery(PigServer.java:587)
	at org.apache.pig.tools.grunt.GruntParser.processPig(GruntParser.java:1093)
	at org.apache.pig.tools.pigscript.parser.PigScriptParser.parse(PigScriptParser.java:501)
	at org.apache.pig.tools.grunt.GruntParser.parseStopOnError(GruntParser.java:198)
	at org.apache.pig.tools.grunt.GruntParser.parseStopOnError(GruntParser.java:173)
	at org.apache.pig.tools.grunt.Grunt.run(Grunt.java:69)
	at org.apache.pig.Main.run(Main.java:541)
	at org.apache.pig.Main.main(Main.java:156)
	at sun.reflect.NativeMethodAccessorImpl.invoke0(Native Method)
	at sun.reflect.NativeMethodAccessorImpl.invoke(NativeMethodAccessorImpl.java:57)
	at sun.reflect.DelegatingMethodAccessorImpl.invoke(DelegatingMethodAccessorImpl.java:43)
	at java.lang.reflect.Method.invoke(Method.java:606)
	at org.apache.hadoop.util.RunJar.run(RunJar.java:221)
	at org.apache.hadoop.util.RunJar.main(RunJar.java:136)
================================================================================
Pig Stack Trace
---------------
ERROR 1200: <line 35, column 36>  Syntax error, unexpected symbol at or near 'rating'

Failed to parse: <line 35, column 36>  Syntax error, unexpected symbol at or near 'rating'
	at org.apache.pig.parser.QueryParserDriver.parse(QueryParserDriver.java:241)
	at org.apache.pig.parser.QueryParserDriver.parse(QueryParserDriver.java:179)
	at org.apache.pig.PigServer$Graph.validateQuery(PigServer.java:1660)
	at org.apache.pig.PigServer$Graph.registerQuery(PigServer.java:1633)
	at org.apache.pig.PigServer.registerQuery(PigServer.java:587)
	at org.apache.pig.tools.grunt.GruntParser.processPig(GruntParser.java:1093)
	at org.apache.pig.tools.pigscript.parser.PigScriptParser.parse(PigScriptParser.java:501)
	at org.apache.pig.tools.grunt.GruntParser.parseStopOnError(GruntParser.java:198)
	at org.apache.pig.tools.grunt.GruntParser.parseStopOnError(GruntParser.java:173)
	at org.apache.pig.tools.grunt.Grunt.run(Grunt.java:69)
	at org.apache.pig.Main.run(Main.java:541)
	at org.apache.pig.Main.main(Main.java:156)
	at sun.reflect.NativeMethodAccessorImpl.invoke0(Native Method)
	at sun.reflect.NativeMethodAccessorImpl.invoke(NativeMethodAccessorImpl.java:57)
	at sun.reflect.DelegatingMethodAccessorImpl.invoke(DelegatingMethodAccessorImpl.java:43)
	at java.lang.reflect.Method.invoke(Method.java:606)
	at org.apache.hadoop.util.RunJar.run(RunJar.java:221)
	at org.apache.hadoop.util.RunJar.main(RunJar.java:136)
================================================================================
Pig Stack Trace
---------------
ERROR 1000: Error during parsing. Encountered " <PATH> "//Recommendation "" at line 5, column 1.
Was expecting one of:
    <EOF> 
    "cat" ...
    "clear" ...
    "fs" ...
    "sh" ...
    "cd" ...
    "cp" ...
    "copyFromLocal" ...
    "copyToLocal" ...
    "dump" ...
    "\\d" ...
    "describe" ...
    "\\de" ...
    "aliases" ...
    "explain" ...
    "\\e" ...
    "help" ...
    "history" ...
    "kill" ...
    "ls" ...
    "mv" ...
    "mkdir" ...
    "pwd" ...
    "quit" ...
    "\\q" ...
    "register" ...
    "rm" ...
    "rmf" ...
    "set" ...
    "illustrate" ...
    "\\i" ...
    "run" ...
    "exec" ...
    "scriptDone" ...
    "" ...
    "" ...
    <EOL> ...
    ";" ...
    

org.apache.pig.tools.pigscript.parser.ParseException: Encountered " <PATH> "//Recommendation "" at line 5, column 1.
Was expecting one of:
    <EOF> 
    "cat" ...
    "clear" ...
    "fs" ...
    "sh" ...
    "cd" ...
    "cp" ...
    "copyFromLocal" ...
    "copyToLocal" ...
    "dump" ...
    "\\d" ...
    "describe" ...
    "\\de" ...
    "aliases" ...
    "explain" ...
    "\\e" ...
    "help" ...
    "history" ...
    "kill" ...
    "ls" ...
    "mv" ...
    "mkdir" ...
    "pwd" ...
    "quit" ...
    "\\q" ...
    "register" ...
    "rm" ...
    "rmf" ...
    "set" ...
    "illustrate" ...
    "\\i" ...
    "run" ...
    "exec" ...
    "scriptDone" ...
    "" ...
    "" ...
    <EOL> ...
    ";" ...
    
	at org.apache.pig.tools.pigscript.parser.PigScriptParser.generateParseException(PigScriptParser.java:1428)
	at org.apache.pig.tools.pigscript.parser.PigScriptParser.handle_invalid_command(PigScriptParser.java:1236)
	at org.apache.pig.tools.pigscript.parser.PigScriptParser.parse(PigScriptParser.java:710)
	at org.apache.pig.tools.grunt.GruntParser.parseStopOnError(GruntParser.java:198)
	at org.apache.pig.tools.grunt.GruntParser.parseStopOnError(GruntParser.java:173)
	at org.apache.pig.tools.grunt.Grunt.run(Grunt.java:69)
	at org.apache.pig.Main.run(Main.java:541)
	at org.apache.pig.Main.main(Main.java:156)
	at sun.reflect.NativeMethodAccessorImpl.invoke0(Native Method)
	at sun.reflect.NativeMethodAccessorImpl.invoke(NativeMethodAccessorImpl.java:57)
	at sun.reflect.DelegatingMethodAccessorImpl.invoke(DelegatingMethodAccessorImpl.java:43)
	at java.lang.reflect.Method.invoke(Method.java:606)
	at org.apache.hadoop.util.RunJar.run(RunJar.java:221)
	at org.apache.hadoop.util.RunJar.main(RunJar.java:136)
================================================================================
